<?xml version="1.0" encoding="UTF-8"?>
<!-- Generated by org.testng.reporters.JUnitXMLReporter -->
<testsuite ignored="1" hostname="LAPTOP-PACC227E" failures="0" tests="2" name="Car Loan" time="0.013" errors="0" timestamp="2021-04-13T18:12:57 IST">
  <testcase classname="testA.ThirdClass" name="APILoginCarLoan" time="0.001"/>
  <testcase classname="testA.ThirdClass" name="WebLoginCarLoan" time="0.003"/>
  <testcase classname="testA.ThirdClass" name="MobileLoginCarLoan" time="0.0">
    <ignored/>
  </testcase> <!-- MobileLoginCarLoan -->
</testsuite> <!-- Car Loan -->
