<?xml version="1.0" encoding="UTF-8"?>
<!-- Generated by org.testng.reporters.JUnitXMLReporter -->
<testsuite ignored="0" hostname="LAPTOP-PACC227E" failures="1" tests="5" name="Home loan" time="0.065" errors="0" timestamp="2021-04-15T15:29:22 IST">
  <testcase classname="testA.ForthClass" name="APILoginHomeLoan" time="0.009"/>
  <testcase classname="testA.ForthClass" name="MobileLoginHomeLoan" time="0.001"/>
  <testcase classname="testA.ForthClass" name="WebLoginHomeLoan" time="0.002"/>
  <testcase classname="testA.firstClass" name="Demo" time="0.004">
    <failure type="java.lang.AssertionError" message="expected [true] but found [false]">
      <![CDATA[java.lang.AssertionError: expected [true] but found [false]
at testA.firstClass.Demo(firstClass.java:26)
at java.base/java.util.ArrayList.forEach(ArrayList.java:1511)
... Removed 31 stack frames]]>
    </failure>
  </testcase> <!-- Demo -->
  <testcase classname="testA.firstClass" name="SecondTest" time="0.001"/>
</testsuite> <!-- Home loan -->
