<?xml version="1.0" encoding="UTF-8"?>
<!-- Generated by org.testng.reporters.JUnitXMLReporter -->
<testsuite ignored="1" hostname="LAPTOP-PACC227E" failures="0" tests="5" name="Personal Loan" time="0.098" errors="0" timestamp="2021-04-15T13:43:21 IST">
  <testcase classname="testA.firstClass" name="Demo" time="0.008"/>
  <testcase classname="testA.SecondClass" name="Second" time="0.004"/>
  <testcase classname="testA.ForthClass" name="APILoginHomeLoan" time="0.002"/>
  <testcase classname="testA.ForthClass" name="MobileLoginHomeLoan" time="0.002"/>
  <testcase classname="testA.ForthClass" name="WebLoginHomeLoan" time="0.008"/>
  <testcase classname="testA.firstClass" name="SecondTest" time="0.0">
    <ignored/>
  </testcase> <!-- SecondTest -->
</testsuite> <!-- Personal Loan -->
