<?xml version="1.0" encoding="UTF-8"?>
<testng-results total="2" passed="2" failed="0" skipped="0">
  <reporter-output>
  </reporter-output>
  <suite started-at="2021-05-09T09:57:04Z" name="Default suite" finished-at="2021-05-09T09:57:12Z" duration-ms="7394">
    <groups>
    </groups>
    <test started-at="2021-05-09T09:57:04Z" name="Default test" finished-at="2021-05-09T09:57:12Z" duration-ms="7394">
      <class name="Academy.HomePage">
        <test-method is-config="true" signature="initialize()[pri:0, instance:Academy.HomePage@64bc21ac]" started-at="2021-05-09T15:27:04Z" name="initialize" finished-at="2021-05-09T15:27:06Z" duration-ms="1682" status="PASS">
          <reporter-output>
          </reporter-output>
        </test-method> <!-- initialize -->
        <test-method signature="basePageNavigation(java.lang.String, java.lang.String, java.lang.String)[pri:0, instance:Academy.HomePage@64bc21ac]" started-at="2021-05-09T15:27:06Z" name="basePageNavigation" data-provider="getData" finished-at="2021-05-09T15:27:09Z" duration-ms="3453" status="PASS">
          <params>
            <param index="0">
              <value>
                <![CDATA[nonrestricteduser@noemail.com]]>
              </value>
            </param>
            <param index="1">
              <value>
                <![CDATA[123456]]>
              </value>
            </param>
            <param index="2">
              <value>
                <![CDATA[non restricted user]]>
              </value>
            </param>
          </params>
          <reporter-output>
          </reporter-output>
        </test-method> <!-- basePageNavigation -->
        <test-method signature="basePageNavigation(java.lang.String, java.lang.String, java.lang.String)[pri:0, instance:Academy.HomePage@64bc21ac]" started-at="2021-05-09T15:27:09Z" name="basePageNavigation" data-provider="getData" finished-at="2021-05-09T15:27:11Z" duration-ms="1997" status="PASS">
          <params>
            <param index="0">
              <value>
                <![CDATA[restricteduser@noemail.com]]>
              </value>
            </param>
            <param index="1">
              <value>
                <![CDATA[123123]]>
              </value>
            </param>
            <param index="2">
              <value>
                <![CDATA[restricted user]]>
              </value>
            </param>
          </params>
          <reporter-output>
          </reporter-output>
        </test-method> <!-- basePageNavigation -->
        <test-method is-config="true" signature="teardown()[pri:0, instance:Academy.HomePage@64bc21ac]" started-at="2021-05-09T15:27:11Z" name="teardown" finished-at="2021-05-09T15:27:12Z" duration-ms="237" status="PASS">
          <reporter-output>
          </reporter-output>
        </test-method> <!-- teardown -->
      </class> <!-- Academy.HomePage -->
    </test> <!-- Default test -->
  </suite> <!-- Default suite -->
</testng-results>
