<?xml version="1.0" encoding="UTF-8"?>
<!-- Generated by org.testng.reporters.JUnitXMLReporter -->
<testsuite hostname="LAPTOP-PACC227E" failures="0" tests="3" name="Test" time="15.14" errors="0" timestamp="7 May 2021 12:08:13 GMT">
  <testcase classname="Academy.HomePage" name="basePageNavigation" time="4.24"/>
  <testcase classname="Academy.HomePage" name="basePageNavigation" time="2.989"/>
  <testcase classname="Academy.ValidateNavigationBar" name="basePageNavigation" time="0.291"/>
</testsuite> <!-- Test -->
